{
  "stats": {
    "suites": 1,
    "tests": 11,
    "passes": 11,
    "pending": 0,
    "failures": 0,
    "start": "2020-08-31T06:24:49.208Z",
    "end": "2020-08-31T06:25:15.266Z",
    "duration": 26058,
    "testsRegistered": 11,
    "passPercent": 100,
    "pendingPercent": 0,
    "other": 0,
    "hasOther": false,
    "skipped": 0,
    "hasSkipped": false
  },
  "results": [
    {
      "uuid": "6720ae52-8464-4d21-878d-e988e9b24e69",
      "title": "",
      "fullFile": "cypress\\integration\\examples\\EMSmokeTest\\2_addCarChargerSupplier.spec.js",
      "file": "cypress\\integration\\examples\\EMSmokeTest\\2_addCarChargerSupplier.spec.js",
      "beforeHooks": [],
      "afterHooks": [],
      "tests": [],
      "suites": [
        {
          "uuid": "59fe918a-b16f-462b-aa21-1164290cb4cc",
          "title": "Add Car, Charger, and Supplier to Electric Miles",
          "fullFile": "",
          "file": "",
          "beforeHooks": [],
          "afterHooks": [],
          "tests": [
            {
              "title": "Verify after login navigates to Dashboard",
              "fullTitle": "Add Car, Charger, and Supplier to Electric Miles Verify after login navigates to Dashboard",
              "timedOut": null,
              "duration": 8563,
              "state": "passed",
              "speed": "slow",
              "pass": true,
              "fail": false,
              "pending": false,
              "context": null,
              "code": "cy.url().should('include', '/home'); // => true\ncy.get('[class^=\"CarBatteryStatus_carTitle\"]').contains('Remaining Battery Range SoC');",
              "err": {},
              "uuid": "08904ff0-af6a-491a-a4ec-17142c4aec74",
              "parentUUID": "59fe918a-b16f-462b-aa21-1164290cb4cc",
              "isHook": false,
              "skipped": false
            },
            {
              "title": "Verify Navigate to Profile",
              "fullTitle": "Add Car, Charger, and Supplier to Electric Miles Verify Navigate to Profile",
              "timedOut": null,
              "duration": 252,
              "state": "passed",
              "speed": "slow",
              "pass": true,
              "fail": false,
              "pending": false,
              "context": null,
              "code": "cy.get('a[href*=\"/home/profile\"]').contains('Profile').click({\n  force: true\n});",
              "err": {},
              "uuid": "8264c07a-4012-47a4-bdf0-a3cd095553b5",
              "parentUUID": "59fe918a-b16f-462b-aa21-1164290cb4cc",
              "isHook": false,
              "skipped": false
            },
            {
              "title": "Verify Add Car",
              "fullTitle": "Add Car, Charger, and Supplier to Electric Miles Verify Add Car",
              "timedOut": null,
              "duration": 1286,
              "state": "passed",
              "speed": "slow",
              "pass": true,
              "fail": false,
              "pending": false,
              "context": null,
              "code": "cy.get('[class^=\"ProfileConnection_title\"]').should(function ($h3) {\n  expect($h3.eq(0).text().trim()).contains('Your car');\n});\ncy.get('a[href=\"/connect_car\"]', {\n  timeout: 60000\n}).should('have.text', 'Add');\ncy.get('a[href=\"/connect_car\"]').click({\n  force: true\n});\ncy.get('[class^=\"Select_selected\"]').contains('Manufacturer').click({\n  force: true\n});\ncy.get('[class^=\"Option_main\"]:contains(\"BMW\")').click({\n  multiple: true\n});\ncy.contains(\"Model\").click({\n  force: true\n});\ncy.contains(\"i3\").click({\n  force: true\n});\ncy.get('button[type=submit]').click({\n  force: true\n});",
              "err": {},
              "uuid": "bd1f14ce-3d07-47d7-8fd9-ea0f426c140f",
              "parentUUID": "59fe918a-b16f-462b-aa21-1164290cb4cc",
              "isHook": false,
              "skipped": false
            },
            {
              "title": "Verify Car Added",
              "fullTitle": "Add Car, Charger, and Supplier to Electric Miles Verify Car Added",
              "timedOut": null,
              "duration": 543,
              "state": "passed",
              "speed": "slow",
              "pass": true,
              "fail": false,
              "pending": false,
              "context": null,
              "code": "cy.get('[class^=\"CarCard_grid\"] div').should(function ($div) {\n  expect($div.eq(0)).to.contain('BMW');\n  expect($div.eq(1)).to.contain('Model');\n  expect($div.eq(2)).to.contain('i3');\n});\ncy.contains(\"Continue\", {\n  matchCase: false\n}).click({\n  force: true\n});",
              "err": {},
              "uuid": "5f6a52b0-53dc-4e29-b86d-dfd46e2e9401",
              "parentUUID": "59fe918a-b16f-462b-aa21-1164290cb4cc",
              "isHook": false,
              "skipped": false
            },
            {
              "title": "Verify Add Charger",
              "fullTitle": "Add Car, Charger, and Supplier to Electric Miles Verify Add Charger",
              "timedOut": null,
              "duration": 4121,
              "state": "passed",
              "speed": "slow",
              "pass": true,
              "fail": false,
              "pending": false,
              "context": null,
              "code": "cy.get('[class^=\"ProfileConnection_title\"]').should(function ($h3) {\n  expect($h3.eq(1).text().trim()).contains('Your Charger');\n}); // cy.get('a[href=\"/add_charger\"] span').should('have.text', 'Add')\ncy.get('a[href=\"/add_charger\"]').click({\n  force: true\n});\ncy.get('[class^=\"Select_selected\"]').contains('Charger Manufacturer').click({\n  force: true\n});\ncy.get('[class^=\"Option_main\"]:contains(\"Chargepoint Inc\")').click({\n  multiple: true\n});\ncy.contains(\"Model Name\").click({\n  force: true\n});\ncy.contains(\"CP4111\").click({\n  force: true\n});\ncy.contains(\"Power Rating\").click({\n  force: true\n});\ncy.contains(\"3 kW - Slow AC\").click({\n  force: true\n});\ncy.contains(\"Charger Type\").click({\n  force: true\n});\ncy.contains(\"3 pin 3kW 1-phase\").click({\n  force: true\n});\ncy.get('button[type=submit]').click({\n  force: true\n});\ncy.get('[name=\"chargerAddress\"]').type(\"9 Wright Close, Bushey, UK\");\ncy.get('[class^=\"GooglePlaceAutocomplete_item\"]').click({\n  force: true\n});\ncy.get('button[type=submit]').click({\n  force: true\n});\ncy.get('[name=\"chargerPointId\"]').type(\"GrowattTTD0916063\");\ncy.get('button[type=submit]').click({\n  force: true\n});",
              "err": {},
              "uuid": "fbc63cc5-e436-4192-a5fd-242ee805712f",
              "parentUUID": "59fe918a-b16f-462b-aa21-1164290cb4cc",
              "isHook": false,
              "skipped": false
            },
            {
              "title": "Verify Add Supplier",
              "fullTitle": "Add Car, Charger, and Supplier to Electric Miles Verify Add Supplier",
              "timedOut": null,
              "duration": 6040,
              "state": "passed",
              "speed": "slow",
              "pass": true,
              "fail": false,
              "pending": false,
              "context": null,
              "code": "cy.get('[class^=\"ProfileConnection_title\"]').should(function ($h3) {\n  expect($h3.eq(2).text().trim()).contains('Your Supplier');\n}); //cy.get('a[href=\"/add_supplier\"] span').should('have.text', 'Add')\ncy.get('a[href=\"/add_supplier\"]').click({\n  force: true\n});\ncy.get('h3[class^=\"EnergySupplier_formTitle\"]').should('have.text', 'Add Supplier');\ncy.get('p[class^=\"EnergySupplier_inputTitle\"]').contains('Select your Energy Supplier & tariff type'); //Write validation code to verify the list\n//cy.get('[class^=\"EnergySupplier_form\"]').find('[class^=\"Select_childrenContainer\"] div').then()\ncy.get('#supplier').contains('Supplier Name').click({\n  force: true\n});\ncy.get('#supplier div:nth-of-type(2)').contains(\"EDF Energy\").click({\n  force: true\n});\ncy.get('#meterType').contains('Meter Type').click({\n  force: true\n});\ncy.get('#meterType > div:nth-of-type(2)').contains('Economy 7 Meter').click({\n  force: true\n});\ncy.get('#tariffType').contains('Tariff Type').click({\n  force: true\n});\ncy.get('#tariffType div:nth-of-type(2) div').eq(0).click({\n  force: true\n});\ncy.get('[class^=\"Search_input\"]').type(\"Flexible \");\ncy.wait(2000);\ncy.get('[class^=Search_dropDownContainer] div:nth-of-type(1)').should('have.text', 'Flexible Control Mar21').click({\n  force: true\n});\ncy.contains(\"Continue\", {\n  matchCase: false\n}).click({\n  force: true\n});",
              "err": {},
              "uuid": "b7ff3dac-d1cc-4b73-ab08-f99f27100140",
              "parentUUID": "59fe918a-b16f-462b-aa21-1164290cb4cc",
              "isHook": false,
              "skipped": false
            },
            {
              "title": "Verify Supplier Added",
              "fullTitle": "Add Car, Charger, and Supplier to Electric Miles Verify Supplier Added",
              "timedOut": null,
              "duration": 46,
              "state": "passed",
              "speed": "medium",
              "pass": true,
              "fail": false,
              "pending": false,
              "context": null,
              "code": "cy.get('[class^=\"SupplierCard_logo\"]').contains(\"You are with EDF Energy\");\ncy.get('[class^=\"SupplierBanner_title\"]').contains('For your geographical area, the cheapest Supplier is');",
              "err": {},
              "uuid": "c87d3cbc-375a-4329-9628-48594ba7bedf",
              "parentUUID": "59fe918a-b16f-462b-aa21-1164290cb4cc",
              "isHook": false,
              "skipped": false
            },
            {
              "title": "Verify Confirm Supplier",
              "fullTitle": "Add Car, Charger, and Supplier to Electric Miles Verify Confirm Supplier",
              "timedOut": null,
              "duration": 113,
              "state": "passed",
              "speed": "slow",
              "pass": true,
              "fail": false,
              "pending": false,
              "context": null,
              "code": "cy.get('[class^=\"Confirm_buttonWrap\"]').contains('Save');\ncy.contains(\"Save\", {\n  matchCase: false\n}).click({\n  force: true\n});",
              "err": {},
              "uuid": "6c4eb765-8a64-4394-aee4-e608d52ca348",
              "parentUUID": "59fe918a-b16f-462b-aa21-1164290cb4cc",
              "isHook": false,
              "skipped": false
            },
            {
              "title": "Verify Navigates to Map",
              "fullTitle": "Add Car, Charger, and Supplier to Electric Miles Verify Navigates to Map",
              "timedOut": null,
              "duration": 4045,
              "state": "passed",
              "speed": "slow",
              "pass": true,
              "fail": false,
              "pending": false,
              "context": null,
              "code": "cy.get('a[href*=\"/home/map\"]').contains('Map').click({\n  force: true\n});\ncy.url().should('include', '/home/map'); // => true\ncy.get('[role=\"button\"]').contains('Map');",
              "err": {},
              "uuid": "3aaebdc8-0518-4a1a-bd64-cb685d017907",
              "parentUUID": "59fe918a-b16f-462b-aa21-1164290cb4cc",
              "isHook": false,
              "skipped": false
            },
            {
              "title": "Verify Navigates to Calendar",
              "fullTitle": "Add Car, Charger, and Supplier to Electric Miles Verify Navigates to Calendar",
              "timedOut": null,
              "duration": 444,
              "state": "passed",
              "speed": "slow",
              "pass": true,
              "fail": false,
              "pending": false,
              "context": null,
              "code": "cy.get('a[href*=\"/home/calendar\"]').contains('Calendar').click({\n  force: true\n});\ncy.url().should('include', '/home/calendar'); // => true\ncy.get('[class^=\"Calendar_addTrip\"]').contains('Add Trip');",
              "err": {},
              "uuid": "69f7728b-3508-4d44-b085-3bac997c1f5d",
              "parentUUID": "59fe918a-b16f-462b-aa21-1164290cb4cc",
              "isHook": false,
              "skipped": false
            },
            {
              "title": "Verify Navigates to History",
              "fullTitle": "Add Car, Charger, and Supplier to Electric Miles Verify Navigates to History",
              "timedOut": null,
              "duration": 159,
              "state": "passed",
              "speed": "slow",
              "pass": true,
              "fail": false,
              "pending": false,
              "context": null,
              "code": "cy.get('a[href*=\"/home/history\"]').contains('History').click({\n  force: true\n});\ncy.url().should('include', '/home/history'); // => true\ncy.get('[class^=\"History_header\"]').contains('Transaction History');",
              "err": {},
              "uuid": "5ba298b6-1c24-40c0-b0b6-380dbc60dbff",
              "parentUUID": "59fe918a-b16f-462b-aa21-1164290cb4cc",
              "isHook": false,
              "skipped": false
            }
          ],
          "suites": [],
          "passes": [
            "08904ff0-af6a-491a-a4ec-17142c4aec74",
            "8264c07a-4012-47a4-bdf0-a3cd095553b5",
            "bd1f14ce-3d07-47d7-8fd9-ea0f426c140f",
            "5f6a52b0-53dc-4e29-b86d-dfd46e2e9401",
            "fbc63cc5-e436-4192-a5fd-242ee805712f",
            "b7ff3dac-d1cc-4b73-ab08-f99f27100140",
            "c87d3cbc-375a-4329-9628-48594ba7bedf",
            "6c4eb765-8a64-4394-aee4-e608d52ca348",
            "3aaebdc8-0518-4a1a-bd64-cb685d017907",
            "69f7728b-3508-4d44-b085-3bac997c1f5d",
            "5ba298b6-1c24-40c0-b0b6-380dbc60dbff"
          ],
          "failures": [],
          "pending": [],
          "skipped": [],
          "duration": 25612,
          "root": false,
          "rootEmpty": false,
          "_timeout": 2000
        }
      ],
      "passes": [],
      "failures": [],
      "pending": [],
      "skipped": [],
      "duration": 0,
      "root": true,
      "rootEmpty": true,
      "_timeout": 2000
    }
  ],
  "meta": {
    "mocha": {
      "version": "8.1.1"
    },
    "mochawesome": {
      "options": {
        "quiet": false,
        "reportFilename": "reporthtml",
        "saveHtml": true,
        "saveJson": true,
        "consoleReporter": "spec",
        "useInlineDiffs": false,
        "code": true
      },
      "version": "6.1.1"
    },
    "marge": {
      "options": {
        "reportDir": "cypress/reports/mocha",
        "reportFilename": "reporthtml",
        "overwrite": false,
        "html": true,
        "json": true,
        "charts": true,
        "timestamp": "mmddyyyy_HHMMss"
      },
      "version": "5.1.0"
    }
  }
}