{
  "stats": {
    "suites": 2,
    "tests": 17,
    "passes": 16,
    "pending": 0,
    "failures": 1,
    "start": "2020-08-31T06:25:31.062Z",
    "end": "2020-08-31T06:25:31.062Z",
    "duration": 61483,
    "testsRegistered": 17,
    "passPercent": 94.11764705882354,
    "pendingPercent": 0,
    "other": 0,
    "hasOther": false,
    "skipped": 0,
    "hasSkipped": false
  },
  "results": [
    {
      "uuid": "ded9aeef-a5f3-4f27-9ac7-8ce6dd5df024",
      "title": "",
      "fullFile": "cypress\\integration\\examples\\EMSmokeTest\\1_signUp.spec.js",
      "file": "cypress\\integration\\examples\\EMSmokeTest\\1_signUp.spec.js",
      "beforeHooks": [],
      "afterHooks": [],
      "tests": [],
      "suites": [
        {
          "uuid": "0fb79244-7055-420b-854a-c87f8c0934ad",
          "title": "Sign Up",
          "fullFile": "",
          "file": "",
          "beforeHooks": [],
          "afterHooks": [],
          "tests": [
            {
              "title": "Title of the page",
              "fullTitle": "Sign Up Title of the page",
              "timedOut": null,
              "duration": 5907,
              "state": "passed",
              "speed": "slow",
              "pass": true,
              "fail": false,
              "pending": false,
              "context": null,
              "code": "// cy.visit(\"https://dashboard.electricmiles.io/home\");\ncy.get('[class^=\"InitialStep_contentTitle\"]').should('have.text', 'Sign up');",
              "err": {},
              "uuid": "b12d455b-b0aa-4618-a2be-361aa82dde1b",
              "parentUUID": "0fb79244-7055-420b-854a-c87f8c0934ad",
              "isHook": false,
              "skipped": false
            },
            {
              "title": "Sign up",
              "fullTitle": "Sign Up Sign up",
              "timedOut": null,
              "duration": 6123,
              "state": "passed",
              "speed": "slow",
              "pass": true,
              "fail": false,
              "pending": false,
              "context": null,
              "code": "cy.contains(\"OK\").click({\n  force: true\n});\ncy.get('[class^=\"Input_input\"]').type(\"emCustomer\" + num + \"@gmail.com\");\ncy.get('[class^=\"FormContainer_SignInFormContainer\"]').click();\ncy.get('[class^=\"FormContainer_SignInFormContainer\"]').click();\ncy.wait(2000);\ncy.get('[class^=\"Input_input\"]').should('have.value', \"emCustomer\" + num + \"@gmail.com\");\ncy.wait(2000);\ncy.contains(\"Continue\", {\n  matchCase: false\n}).click({\n  force: true\n});\ncy.get('[class^=\"PersonalDetails_contentTitle\"]').should('be.visible');",
              "err": {},
              "uuid": "eb945537-9697-4dca-8439-75b7fcaa674b",
              "parentUUID": "0fb79244-7055-420b-854a-c87f8c0934ad",
              "isHook": false,
              "skipped": false
            },
            {
              "title": "A bit about you",
              "fullTitle": "Sign Up A bit about you",
              "timedOut": null,
              "duration": 6881,
              "state": "passed",
              "speed": "slow",
              "pass": true,
              "fail": false,
              "pending": false,
              "context": null,
              "code": "cy.get('[class^=\"PersonalDetails_contentTitle\"]').contains('A bit about you');\ncy.get('input[name=\"firstName\"]').type('TestCustomer' + num);\ncy.get('input[name=\"lastName\"]').type('TestCustomer' + num);\ncy.get('input[name=\"companyName\"]').type('TestCompany' + num);\ncy.get('[name=\"phoneNumber\"]').type('44772558333');\ncy.get('[name=\"password\"]').type('Wewilldefeatcovid19');\ncy.get('[name=\"rePassword\"]').type('Wewilldefeatcovid19');\ncy.get('[class^=\"FormContainer_SignInFormContainer\"]').click();\ncy.get('[class^=\"FormContainer_SignInFormContainer\"]').click();\ncy.contains(\"Continue\", {\n  matchCase: false\n}).click({\n  force: true\n});\ncy.wait(3000);\ncy.get('[class^=\"AccountType_contentTitle\"]').should('be.visible');",
              "err": {},
              "uuid": "882582f8-d750-4b06-8161-8730a7ccbad7",
              "parentUUID": "0fb79244-7055-420b-854a-c87f8c0934ad",
              "isHook": false,
              "skipped": false
            },
            {
              "title": "Choose account type",
              "fullTitle": "Sign Up Choose account type",
              "timedOut": null,
              "duration": 3262,
              "state": "passed",
              "speed": "slow",
              "pass": true,
              "fail": false,
              "pending": false,
              "context": null,
              "code": "cy.get('h2[class^=\"AccountType_contentTitle\"]').contains('Choose account type');\ncy.get('[class^=\"CheckboxWithLabel_titleText\"]').contains('Personal EV');\ncy.get('#PersonalEV').check({\n  force: true\n});\ncy.contains(\"Continue\", {\n  matchCase: false\n}).click({\n  force: true\n});\ncy.wait(3000);\ncy.get('[class^=\"YourPlaces_contentTitle\"]').should('be.visible');",
              "err": {},
              "uuid": "c980bc8c-bc4b-4bef-a544-80e34f700c8c",
              "parentUUID": "0fb79244-7055-420b-854a-c87f8c0934ad",
              "isHook": false,
              "skipped": false
            },
            {
              "title": "Set your places",
              "fullTitle": "Sign Up Set your places",
              "timedOut": null,
              "duration": 5651,
              "state": "passed",
              "speed": "slow",
              "pass": true,
              "fail": false,
              "pending": false,
              "context": null,
              "code": "cy.get('h2[class^=\"YourPlaces_contentTitle\"]').contains('Set your places');\ncy.get('[name=\"homeAddress\"]').type('12109 Polo Drive, Fairfax, VA, USA');\ncy.get('[class^=\"FormContainer_SignInFormContainer\"]').click();\ncy.get('[name=\"workAddress\"]').type('5155 Parkstone Drive, Chantilly, VA, USA');\ncy.get('[class^=\"FormContainer_SignInFormContainer\"]').click();\ncy.get('[class^=\"FormContainer_SignInFormContainer\"]').click();\ncy.contains(\"Continue\", {\n  matchCase: false\n}).click({\n  force: true\n});\ncy.wait(3000);\ncy.get('[class^=\"YourOpinion_contentTitle\"]').should('be.visible');",
              "err": {},
              "uuid": "d0a4d076-809b-41a9-988f-7fb1b67a657b",
              "parentUUID": "0fb79244-7055-420b-854a-c87f8c0934ad",
              "isHook": false,
              "skipped": false
            },
            {
              "title": "Whats most important for you?",
              "fullTitle": "Sign Up Whats most important for you?",
              "timedOut": null,
              "duration": 8047,
              "state": "failed",
              "speed": null,
              "pass": false,
              "fail": true,
              "pending": false,
              "context": null,
              "code": "cy.get('h2[class^=\"YourOpinion_contentTitle\"]').contains(\"What's most important for you?\");\ncy.get('#Both').check({\n  force: true\n});\ncy.contains(\"Continue\", {\n  matchCase: false\n}).click();\ncy.wait(3000);\ncy.get('[class^=\"MainProfileInfo_firstName\"]').should('be.visible');\ncy.get('[class^=\"MainProfileInfo_firstName\"]').should(\"have.text\", \"Hello, TestCustomer\" + num + \"!\");",
              "err": {
                "message": "CypressError: Timed out retrying: Expected to find element: '[class^=\"MainProfileInfo_firstName\"]', but never found it.",
                "estack": "CypressError: Timed out retrying: Expected to find element: '[class^=\"MainProfileInfo_firstName\"]', but never found it.\n    at cypressErr (https://dashboard.electricmiles.io/__cypress/runner/cypress_runner.js:138036:9)\n    at throwErr (https://dashboard.electricmiles.io/__cypress/runner/cypress_runner.js:137969:11)\n    at Object.throwErrByPath (https://dashboard.electricmiles.io/__cypress/runner/cypress_runner.js:138017:3)\n    at retry (https://dashboard.electricmiles.io/__cypress/runner/cypress_runner.js:132299:19)\n    at onFailFn (https://dashboard.electricmiles.io/__cypress/runner/cypress_runner.js:120514:16)\n    at tryCatcher (https://dashboard.electricmiles.io/__cypress/runner/cypress_runner.js:164895:23)\n    at Promise._settlePromiseFromHandler (https://dashboard.electricmiles.io/__cypress/runner/cypress_runner.js:162831:31)\n    at Promise._settlePromise (https://dashboard.electricmiles.io/__cypress/runner/cypress_runner.js:162888:18)\n    at Promise._settlePromise0 (https://dashboard.electricmiles.io/__cypress/runner/cypress_runner.js:162933:10)\n    at Promise._settlePromises (https://dashboard.electricmiles.io/__cypress/runner/cypress_runner.js:163008:18)\n    at Async../node_modules/bluebird/js/release/async.js.Async._drainQueue (https://dashboard.electricmiles.io/__cypress/runner/cypress_runner.js:159620:16)\n    at Async../node_modules/bluebird/js/release/async.js.Async._drainQueues (https://dashboard.electricmiles.io/__cypress/runner/cypress_runner.js:159630:10)\n    at Async.drainQueues (https://dashboard.electricmiles.io/__cypress/runner/cypress_runner.js:159504:14)",
                "diff": null
              },
              "uuid": "f7c332cc-ecf0-4db1-92b5-a52c5730d1b9",
              "parentUUID": "0fb79244-7055-420b-854a-c87f8c0934ad",
              "isHook": false,
              "skipped": false
            }
          ],
          "suites": [],
          "passes": [
            "b12d455b-b0aa-4618-a2be-361aa82dde1b",
            "eb945537-9697-4dca-8439-75b7fcaa674b",
            "882582f8-d750-4b06-8161-8730a7ccbad7",
            "c980bc8c-bc4b-4bef-a544-80e34f700c8c",
            "d0a4d076-809b-41a9-988f-7fb1b67a657b"
          ],
          "failures": [
            "f7c332cc-ecf0-4db1-92b5-a52c5730d1b9"
          ],
          "pending": [],
          "skipped": [],
          "duration": 35871,
          "root": false,
          "rootEmpty": false,
          "_timeout": 2000
        }
      ],
      "passes": [],
      "failures": [],
      "pending": [],
      "skipped": [],
      "duration": 0,
      "root": true,
      "rootEmpty": true,
      "_timeout": 2000
    },
    {
      "uuid": "6720ae52-8464-4d21-878d-e988e9b24e69",
      "title": "",
      "fullFile": "cypress\\integration\\examples\\EMSmokeTest\\2_addCarChargerSupplier.spec.js",
      "file": "cypress\\integration\\examples\\EMSmokeTest\\2_addCarChargerSupplier.spec.js",
      "beforeHooks": [],
      "afterHooks": [],
      "tests": [],
      "suites": [
        {
          "uuid": "59fe918a-b16f-462b-aa21-1164290cb4cc",
          "title": "Add Car, Charger, and Supplier to Electric Miles",
          "fullFile": "",
          "file": "",
          "beforeHooks": [],
          "afterHooks": [],
          "tests": [
            {
              "title": "Verify after login navigates to Dashboard",
              "fullTitle": "Add Car, Charger, and Supplier to Electric Miles Verify after login navigates to Dashboard",
              "timedOut": null,
              "duration": 8563,
              "state": "passed",
              "speed": "slow",
              "pass": true,
              "fail": false,
              "pending": false,
              "context": null,
              "code": "cy.url().should('include', '/home'); // => true\ncy.get('[class^=\"CarBatteryStatus_carTitle\"]').contains('Remaining Battery Range SoC');",
              "err": {},
              "uuid": "08904ff0-af6a-491a-a4ec-17142c4aec74",
              "parentUUID": "59fe918a-b16f-462b-aa21-1164290cb4cc",
              "isHook": false,
              "skipped": false
            },
            {
              "title": "Verify Navigate to Profile",
              "fullTitle": "Add Car, Charger, and Supplier to Electric Miles Verify Navigate to Profile",
              "timedOut": null,
              "duration": 252,
              "state": "passed",
              "speed": "slow",
              "pass": true,
              "fail": false,
              "pending": false,
              "context": null,
              "code": "cy.get('a[href*=\"/home/profile\"]').contains('Profile').click({\n  force: true\n});",
              "err": {},
              "uuid": "8264c07a-4012-47a4-bdf0-a3cd095553b5",
              "parentUUID": "59fe918a-b16f-462b-aa21-1164290cb4cc",
              "isHook": false,
              "skipped": false
            },
            {
              "title": "Verify Add Car",
              "fullTitle": "Add Car, Charger, and Supplier to Electric Miles Verify Add Car",
              "timedOut": null,
              "duration": 1286,
              "state": "passed",
              "speed": "slow",
              "pass": true,
              "fail": false,
              "pending": false,
              "context": null,
              "code": "cy.get('[class^=\"ProfileConnection_title\"]').should(function ($h3) {\n  expect($h3.eq(0).text().trim()).contains('Your car');\n});\ncy.get('a[href=\"/connect_car\"]', {\n  timeout: 60000\n}).should('have.text', 'Add');\ncy.get('a[href=\"/connect_car\"]').click({\n  force: true\n});\ncy.get('[class^=\"Select_selected\"]').contains('Manufacturer').click({\n  force: true\n});\ncy.get('[class^=\"Option_main\"]:contains(\"BMW\")').click({\n  multiple: true\n});\ncy.contains(\"Model\").click({\n  force: true\n});\ncy.contains(\"i3\").click({\n  force: true\n});\ncy.get('button[type=submit]').click({\n  force: true\n});",
              "err": {},
              "uuid": "bd1f14ce-3d07-47d7-8fd9-ea0f426c140f",
              "parentUUID": "59fe918a-b16f-462b-aa21-1164290cb4cc",
              "isHook": false,
              "skipped": false
            },
            {
              "title": "Verify Car Added",
              "fullTitle": "Add Car, Charger, and Supplier to Electric Miles Verify Car Added",
              "timedOut": null,
              "duration": 543,
              "state": "passed",
              "speed": "slow",
              "pass": true,
              "fail": false,
              "pending": false,
              "context": null,
              "code": "cy.get('[class^=\"CarCard_grid\"] div').should(function ($div) {\n  expect($div.eq(0)).to.contain('BMW');\n  expect($div.eq(1)).to.contain('Model');\n  expect($div.eq(2)).to.contain('i3');\n});\ncy.contains(\"Continue\", {\n  matchCase: false\n}).click({\n  force: true\n});",
              "err": {},
              "uuid": "5f6a52b0-53dc-4e29-b86d-dfd46e2e9401",
              "parentUUID": "59fe918a-b16f-462b-aa21-1164290cb4cc",
              "isHook": false,
              "skipped": false
            },
            {
              "title": "Verify Add Charger",
              "fullTitle": "Add Car, Charger, and Supplier to Electric Miles Verify Add Charger",
              "timedOut": null,
              "duration": 4121,
              "state": "passed",
              "speed": "slow",
              "pass": true,
              "fail": false,
              "pending": false,
              "context": null,
              "code": "cy.get('[class^=\"ProfileConnection_title\"]').should(function ($h3) {\n  expect($h3.eq(1).text().trim()).contains('Your Charger');\n}); // cy.get('a[href=\"/add_charger\"] span').should('have.text', 'Add')\ncy.get('a[href=\"/add_charger\"]').click({\n  force: true\n});\ncy.get('[class^=\"Select_selected\"]').contains('Charger Manufacturer').click({\n  force: true\n});\ncy.get('[class^=\"Option_main\"]:contains(\"Chargepoint Inc\")').click({\n  multiple: true\n});\ncy.contains(\"Model Name\").click({\n  force: true\n});\ncy.contains(\"CP4111\").click({\n  force: true\n});\ncy.contains(\"Power Rating\").click({\n  force: true\n});\ncy.contains(\"3 kW - Slow AC\").click({\n  force: true\n});\ncy.contains(\"Charger Type\").click({\n  force: true\n});\ncy.contains(\"3 pin 3kW 1-phase\").click({\n  force: true\n});\ncy.get('button[type=submit]').click({\n  force: true\n});\ncy.get('[name=\"chargerAddress\"]').type(\"9 Wright Close, Bushey, UK\");\ncy.get('[class^=\"GooglePlaceAutocomplete_item\"]').click({\n  force: true\n});\ncy.get('button[type=submit]').click({\n  force: true\n});\ncy.get('[name=\"chargerPointId\"]').type(\"GrowattTTD0916063\");\ncy.get('button[type=submit]').click({\n  force: true\n});",
              "err": {},
              "uuid": "fbc63cc5-e436-4192-a5fd-242ee805712f",
              "parentUUID": "59fe918a-b16f-462b-aa21-1164290cb4cc",
              "isHook": false,
              "skipped": false
            },
            {
              "title": "Verify Add Supplier",
              "fullTitle": "Add Car, Charger, and Supplier to Electric Miles Verify Add Supplier",
              "timedOut": null,
              "duration": 6040,
              "state": "passed",
              "speed": "slow",
              "pass": true,
              "fail": false,
              "pending": false,
              "context": null,
              "code": "cy.get('[class^=\"ProfileConnection_title\"]').should(function ($h3) {\n  expect($h3.eq(2).text().trim()).contains('Your Supplier');\n}); //cy.get('a[href=\"/add_supplier\"] span').should('have.text', 'Add')\ncy.get('a[href=\"/add_supplier\"]').click({\n  force: true\n});\ncy.get('h3[class^=\"EnergySupplier_formTitle\"]').should('have.text', 'Add Supplier');\ncy.get('p[class^=\"EnergySupplier_inputTitle\"]').contains('Select your Energy Supplier & tariff type'); //Write validation code to verify the list\n//cy.get('[class^=\"EnergySupplier_form\"]').find('[class^=\"Select_childrenContainer\"] div').then()\ncy.get('#supplier').contains('Supplier Name').click({\n  force: true\n});\ncy.get('#supplier div:nth-of-type(2)').contains(\"EDF Energy\").click({\n  force: true\n});\ncy.get('#meterType').contains('Meter Type').click({\n  force: true\n});\ncy.get('#meterType > div:nth-of-type(2)').contains('Economy 7 Meter').click({\n  force: true\n});\ncy.get('#tariffType').contains('Tariff Type').click({\n  force: true\n});\ncy.get('#tariffType div:nth-of-type(2) div').eq(0).click({\n  force: true\n});\ncy.get('[class^=\"Search_input\"]').type(\"Flexible \");\ncy.wait(2000);\ncy.get('[class^=Search_dropDownContainer] div:nth-of-type(1)').should('have.text', 'Flexible Control Mar21').click({\n  force: true\n});\ncy.contains(\"Continue\", {\n  matchCase: false\n}).click({\n  force: true\n});",
              "err": {},
              "uuid": "b7ff3dac-d1cc-4b73-ab08-f99f27100140",
              "parentUUID": "59fe918a-b16f-462b-aa21-1164290cb4cc",
              "isHook": false,
              "skipped": false
            },
            {
              "title": "Verify Supplier Added",
              "fullTitle": "Add Car, Charger, and Supplier to Electric Miles Verify Supplier Added",
              "timedOut": null,
              "duration": 46,
              "state": "passed",
              "speed": "medium",
              "pass": true,
              "fail": false,
              "pending": false,
              "context": null,
              "code": "cy.get('[class^=\"SupplierCard_logo\"]').contains(\"You are with EDF Energy\");\ncy.get('[class^=\"SupplierBanner_title\"]').contains('For your geographical area, the cheapest Supplier is');",
              "err": {},
              "uuid": "c87d3cbc-375a-4329-9628-48594ba7bedf",
              "parentUUID": "59fe918a-b16f-462b-aa21-1164290cb4cc",
              "isHook": false,
              "skipped": false
            },
            {
              "title": "Verify Confirm Supplier",
              "fullTitle": "Add Car, Charger, and Supplier to Electric Miles Verify Confirm Supplier",
              "timedOut": null,
              "duration": 113,
              "state": "passed",
              "speed": "slow",
              "pass": true,
              "fail": false,
              "pending": false,
              "context": null,
              "code": "cy.get('[class^=\"Confirm_buttonWrap\"]').contains('Save');\ncy.contains(\"Save\", {\n  matchCase: false\n}).click({\n  force: true\n});",
              "err": {},
              "uuid": "6c4eb765-8a64-4394-aee4-e608d52ca348",
              "parentUUID": "59fe918a-b16f-462b-aa21-1164290cb4cc",
              "isHook": false,
              "skipped": false
            },
            {
              "title": "Verify Navigates to Map",
              "fullTitle": "Add Car, Charger, and Supplier to Electric Miles Verify Navigates to Map",
              "timedOut": null,
              "duration": 4045,
              "state": "passed",
              "speed": "slow",
              "pass": true,
              "fail": false,
              "pending": false,
              "context": null,
              "code": "cy.get('a[href*=\"/home/map\"]').contains('Map').click({\n  force: true\n});\ncy.url().should('include', '/home/map'); // => true\ncy.get('[role=\"button\"]').contains('Map');",
              "err": {},
              "uuid": "3aaebdc8-0518-4a1a-bd64-cb685d017907",
              "parentUUID": "59fe918a-b16f-462b-aa21-1164290cb4cc",
              "isHook": false,
              "skipped": false
            },
            {
              "title": "Verify Navigates to Calendar",
              "fullTitle": "Add Car, Charger, and Supplier to Electric Miles Verify Navigates to Calendar",
              "timedOut": null,
              "duration": 444,
              "state": "passed",
              "speed": "slow",
              "pass": true,
              "fail": false,
              "pending": false,
              "context": null,
              "code": "cy.get('a[href*=\"/home/calendar\"]').contains('Calendar').click({\n  force: true\n});\ncy.url().should('include', '/home/calendar'); // => true\ncy.get('[class^=\"Calendar_addTrip\"]').contains('Add Trip');",
              "err": {},
              "uuid": "69f7728b-3508-4d44-b085-3bac997c1f5d",
              "parentUUID": "59fe918a-b16f-462b-aa21-1164290cb4cc",
              "isHook": false,
              "skipped": false
            },
            {
              "title": "Verify Navigates to History",
              "fullTitle": "Add Car, Charger, and Supplier to Electric Miles Verify Navigates to History",
              "timedOut": null,
              "duration": 159,
              "state": "passed",
              "speed": "slow",
              "pass": true,
              "fail": false,
              "pending": false,
              "context": null,
              "code": "cy.get('a[href*=\"/home/history\"]').contains('History').click({\n  force: true\n});\ncy.url().should('include', '/home/history'); // => true\ncy.get('[class^=\"History_header\"]').contains('Transaction History');",
              "err": {},
              "uuid": "5ba298b6-1c24-40c0-b0b6-380dbc60dbff",
              "parentUUID": "59fe918a-b16f-462b-aa21-1164290cb4cc",
              "isHook": false,
              "skipped": false
            }
          ],
          "suites": [],
          "passes": [
            "08904ff0-af6a-491a-a4ec-17142c4aec74",
            "8264c07a-4012-47a4-bdf0-a3cd095553b5",
            "bd1f14ce-3d07-47d7-8fd9-ea0f426c140f",
            "5f6a52b0-53dc-4e29-b86d-dfd46e2e9401",
            "fbc63cc5-e436-4192-a5fd-242ee805712f",
            "b7ff3dac-d1cc-4b73-ab08-f99f27100140",
            "c87d3cbc-375a-4329-9628-48594ba7bedf",
            "6c4eb765-8a64-4394-aee4-e608d52ca348",
            "3aaebdc8-0518-4a1a-bd64-cb685d017907",
            "69f7728b-3508-4d44-b085-3bac997c1f5d",
            "5ba298b6-1c24-40c0-b0b6-380dbc60dbff"
          ],
          "failures": [],
          "pending": [],
          "skipped": [],
          "duration": 25612,
          "root": false,
          "rootEmpty": false,
          "_timeout": 2000
        }
      ],
      "passes": [],
      "failures": [],
      "pending": [],
      "skipped": [],
      "duration": 0,
      "root": true,
      "rootEmpty": true,
      "_timeout": 2000
    }
  ],
  "meta": {
    "mocha": {
      "version": "8.1.1"
    },
    "mochawesome": {
      "options": {
        "quiet": false,
        "reportFilename": "reporthtml",
        "saveHtml": true,
        "saveJson": true,
        "consoleReporter": "spec",
        "useInlineDiffs": false,
        "code": true
      },
      "version": "6.1.1"
    },
    "marge": {
      "options": {
        "reportDir": "cypress/reports/mocha",
        "reportFilename": "reporthtml",
        "overwrite": false,
        "html": true,
        "json": true,
        "charts": true,
        "timestamp": "mmddyyyy_HHMMss"
      },
      "version": "5.1.0"
    }
  }
}